c:\users\albinhasanaj.blom\desktop\prog1\opengl\opengl\x64\debug\vc143.pdb
c:\users\albinhasanaj.blom\desktop\prog1\opengl\opengl\x64\debug\vc143.idb
c:\users\albinhasanaj.blom\desktop\prog1\opengl\opengl\x64\debug\glad.obj
c:\users\albinhasanaj.blom\desktop\prog1\opengl\opengl\x64\debug\main.obj
c:\users\albinhasanaj.blom\desktop\prog1\opengl\x64\debug\opengl.exe
c:\users\albinhasanaj.blom\desktop\prog1\opengl\x64\debug\opengl.pdb
c:\users\albinhasanaj.blom\desktop\prog1\opengl\x64\debug\freetyped.dll
c:\users\albinhasanaj.blom\desktop\prog1\opengl\x64\debug\zlibd1.dll
c:\users\albinhasanaj.blom\desktop\prog1\opengl\x64\debug\bz2d.dll
c:\users\albinhasanaj.blom\desktop\prog1\opengl\x64\debug\libpng16d.dll
c:\users\albinhasanaj.blom\desktop\prog1\opengl\x64\debug\brotlidec.dll
c:\users\albinhasanaj.blom\desktop\prog1\opengl\x64\debug\brotlicommon.dll
c:\users\albinhasanaj.blom\desktop\prog1\opengl\opengl\x64\debug\opengl.ilk
c:\users\albinhasanaj.blom\desktop\prog1\opengl\opengl\x64\debug\opengl.tlog\cl.command.1.tlog
c:\users\albinhasanaj.blom\desktop\prog1\opengl\opengl\x64\debug\opengl.tlog\cl.items.tlog
c:\users\albinhasanaj.blom\desktop\prog1\opengl\opengl\x64\debug\opengl.tlog\cl.read.1.tlog
c:\users\albinhasanaj.blom\desktop\prog1\opengl\opengl\x64\debug\opengl.tlog\cl.write.1.tlog
c:\users\albinhasanaj.blom\desktop\prog1\opengl\opengl\x64\debug\opengl.tlog\link.command.1.tlog
c:\users\albinhasanaj.blom\desktop\prog1\opengl\opengl\x64\debug\opengl.tlog\link.read.1.tlog
c:\users\albinhasanaj.blom\desktop\prog1\opengl\opengl\x64\debug\opengl.tlog\link.secondary.1.tlog
c:\users\albinhasanaj.blom\desktop\prog1\opengl\opengl\x64\debug\opengl.tlog\link.write.1.tlog
c:\users\albinhasanaj.blom\desktop\prog1\opengl\opengl\x64\debug\opengl.tlog\opengl.write.1u.tlog
